<?xml version="1.0" encoding="UTF-8"?>
<testng-results skipped="0" failed="0" ignored="0" total="1" passed="1">
  <reporter-output>
  </reporter-output>
  <suite name="Suite" duration-ms="40808" started-at="2020-08-19T21:26:23 IST" finished-at="2020-08-19T21:27:04 IST">
    <groups>
    </groups>
    <test name="Test" duration-ms="40808" started-at="2020-08-19T21:26:23 IST" finished-at="2020-08-19T21:27:04 IST">
      <class name="com.loginpage.Loginpage">
        <test-method status="PASS" signature="setup()[pri:0, instance:com.loginpage.Loginpage@1c6f14e]" name="setup" is-config="true" duration-ms="834" started-at="2020-08-19T21:26:22 IST" finished-at="2020-08-19T21:26:23 IST">
          <reporter-output>
          </reporter-output>
        </test-method> <!-- setup -->
        <test-method status="PASS" signature="startup()[pri:0, instance:com.loginpage.Loginpage@1c6f14e]" name="startup" is-config="true" duration-ms="18413" started-at="2020-08-19T21:26:23 IST" finished-at="2020-08-19T21:26:41 IST">
          <reporter-output>
          </reporter-output>
        </test-method> <!-- startup -->
        <test-method status="PASS" signature="loginapp()[pri:0, instance:com.loginpage.Loginpage@1c6f14e]" name="loginapp" duration-ms="1505" started-at="2020-08-19T21:26:41 IST" finished-at="2020-08-19T21:26:43 IST">
          <reporter-output>
          </reporter-output>
        </test-method> <!-- loginapp -->
        <test-method status="PASS" signature="teardownmethod(org.testng.ITestResult)[pri:0, instance:com.loginpage.Loginpage@1c6f14e]" name="teardownmethod" is-config="true" duration-ms="18762" started-at="2020-08-19T21:26:43 IST" finished-at="2020-08-19T21:27:02 IST">
          <params>
            <param index="0">
              <value>
                <![CDATA[[TestResult name=loginapp status=SUCCESS method=Loginpage.loginapp()[pri:0, instance:com.loginpage.Loginpage@1c6f14e] output={null}]]]>
              </value>
            </param>
          </params>
          <reporter-output>
          </reporter-output>
        </test-method> <!-- teardownmethod -->
        <test-method status="PASS" signature="closeup()[pri:0, instance:com.loginpage.Loginpage@1c6f14e]" name="closeup" is-config="true" duration-ms="2091" started-at="2020-08-19T21:27:02 IST" finished-at="2020-08-19T21:27:04 IST">
          <reporter-output>
          </reporter-output>
        </test-method> <!-- closeup -->
      </class> <!-- com.loginpage.Loginpage -->
    </test> <!-- Test -->
  </suite> <!-- Suite -->
</testng-results>
