<?xml version="1.0" encoding="UTF-8"?>
<testng-results skipped="0" failed="0" ignored="0" total="1" passed="1">
  <reporter-output>
  </reporter-output>
  <suite name="Default suite" duration-ms="58150" started-at="2020-08-19T18:37:00 IST" finished-at="2020-08-19T18:37:58 IST">
    <groups>
    </groups>
    <test name="Default test" duration-ms="58150" started-at="2020-08-19T18:37:00 IST" finished-at="2020-08-19T18:37:58 IST">
      <class name="com.loginpage.Loginpage">
        <test-method status="PASS" signature="setup()[pri:0, instance:com.loginpage.Loginpage@19d4f69]" name="setup" is-config="true" duration-ms="1040" started-at="2020-08-19T18:36:59 IST" finished-at="2020-08-19T18:37:00 IST">
          <reporter-output>
          </reporter-output>
        </test-method> <!-- setup -->
        <test-method status="PASS" signature="startup()[pri:0, instance:com.loginpage.Loginpage@19d4f69]" name="startup" is-config="true" duration-ms="49066" started-at="2020-08-19T18:37:00 IST" finished-at="2020-08-19T18:37:49 IST">
          <reporter-output>
          </reporter-output>
        </test-method> <!-- startup -->
        <test-method status="PASS" signature="loginapp()[pri:0, instance:com.loginpage.Loginpage@19d4f69]" name="loginapp" duration-ms="1506" started-at="2020-08-19T18:37:49 IST" finished-at="2020-08-19T18:37:51 IST">
          <reporter-output>
          </reporter-output>
        </test-method> <!-- loginapp -->
        <test-method status="PASS" signature="teardownmethod(org.testng.ITestResult)[pri:0, instance:com.loginpage.Loginpage@19d4f69]" name="teardownmethod" is-config="true" duration-ms="4104" started-at="2020-08-19T18:37:51 IST" finished-at="2020-08-19T18:37:55 IST">
          <params>
            <param index="0">
              <value>
                <![CDATA[[TestResult name=loginapp status=SUCCESS method=Loginpage.loginapp()[pri:0, instance:com.loginpage.Loginpage@19d4f69] output={null}]]]>
              </value>
            </param>
          </params>
          <reporter-output>
          </reporter-output>
        </test-method> <!-- teardownmethod -->
        <test-method status="PASS" signature="closeup()[pri:0, instance:com.loginpage.Loginpage@19d4f69]" name="closeup" is-config="true" duration-ms="3415" started-at="2020-08-19T18:37:55 IST" finished-at="2020-08-19T18:37:58 IST">
          <reporter-output>
          </reporter-output>
        </test-method> <!-- closeup -->
      </class> <!-- com.loginpage.Loginpage -->
    </test> <!-- Default test -->
  </suite> <!-- Default suite -->
</testng-results>
